<?xml version="1.0" encoding="UTF-8"?>
<!-- Generated by org.testng.reporters.JUnitReportReporter -->
<testsuite hostname="PALLAV-PC" failures="0" tests="5" name="sample_Repo.Program2" time="0.084" errors="0" timestamp="2024-07-23T23:12:01 IST" skipped="0">
  <testcase classname="sample_Repo.Program2" name="createUser" time="0.004"/>
  <system-out/>
  <testcase classname="sample_Repo.Program2" name="createUser" time="0.012"/>
  <system-out/>
  <testcase classname="sample_Repo.Program2" name="createUser" time="0.010"/>
  <system-out/>
  <testcase classname="sample_Repo.Program2" name="createUser" time="0.012"/>
  <system-out/>
  <testcase classname="sample_Repo.Program2" name="createUser" time="0.046"/>
  <system-out/>
</testsuite> <!-- sample_Repo.Program2 -->
