<?xml version="1.0" encoding="UTF-8"?>
<!-- Generated by org.testng.reporters.JUnitReportReporter -->
<testsuite hostname="PALLAV-PC" failures="0" tests="1" name="tc_repository.CON_01" time="48.510" errors="0" timestamp="2024-07-29T11:47:06 IST" skipped="0">
  <testcase classname="tc_repository.CON_01" name="con01Tc" time="48.510"/>
  <system-out/>
</testsuite> <!-- tc_repository.CON_01 -->
