<?xml version="1.0" encoding="UTF-8"?>
<!-- Generated by org.testng.reporters.JUnitReportReporter -->
<testsuite hostname="PALLAV-PC" failures="0" tests="1" name="tc_repository.CON_02" time="50.700" errors="0" timestamp="2024-07-30T12:18:04 IST" skipped="0">
  <testcase classname="tc_repository.CON_02" name="con02Tc" time="50.700"/>
  <system-out/>
</testsuite> <!-- tc_repository.CON_02 -->
