<?xml version="1.0" encoding="UTF-8"?>
<!-- Generated by org.testng.reporters.JUnitReportReporter -->
<testsuite hostname="PALLAV-PC" failures="0" tests="3" name="sample_Repo.Program1" time="0.039" errors="0" timestamp="2024-07-23T11:44:13 IST" skipped="0">
  <testcase classname="sample_Repo.Program1" name="createUser" time="0.029"/>
  <system-out/>
  <testcase classname="sample_Repo.Program1" name="modifyUser" time="0.005"/>
  <system-out/>
  <testcase classname="sample_Repo.Program1" name="deleteUser" time="0.005"/>
  <system-out/>
</testsuite> <!-- sample_Repo.Program1 -->
